13026:M 11 Apr 12:00:52.363 * Increased maximum number of open files to 10032 (it was originally set to 1024).
                _._                                                  
           _.-``__ ''-._                                             
      _.-``    `.  `_.  ''-._           Redis 3.0.3 (00000000/0) 64 bit
  .-`` .-```.  ```\/    _.,_ ''-._                                   
 (    '      ,       .-`  | `,    )     Running in standalone mode
 |`-._`-...-` __...-.``-._|'` _.-'|     Port: 6381
 |    `-._   `._    /     _.-'    |     PID: 13026
  `-._    `-._  `-./  _.-'    _.-'                                   
 |`-._`-._    `-.__.-'    _.-'_.-'|                                  
 |    `-._`-._        _.-'_.-'    |           http://redis.io        
  `-._    `-._`-.__.-'_.-'    _.-'                                   
 |`-._`-._    `-.__.-'    _.-'_.-'|                                  
 |    `-._`-._        _.-'_.-'    |                                  
  `-._    `-._`-.__.-'_.-'    _.-'                                   
      `-._    `-.__.-'    _.-'                                       
          `-._        _.-'                                           
              `-.__.-'                                               

13026:M 11 Apr 12:00:52.365 # Server started, Redis version 3.0.3
13026:M 11 Apr 12:00:52.365 # WARNING overcommit_memory is set to 0! Background save may fail under low memory condition. To fix this issue add 'vm.overcommit_memory = 1' to /etc/sysctl.conf and then reboot or run the command 'sysctl vm.overcommit_memory=1' for this to take effect.
13026:M 11 Apr 12:00:52.365 # WARNING you have Transparent Huge Pages (THP) support enabled in your kernel. This will create latency and memory usage issues with Redis. To fix this issue run the command 'echo never > /sys/kernel/mm/transparent_hugepage/enabled' as root, and add it to your /etc/rc.local in order to retain the setting after a reboot. Redis must be restarted after THP is disabled.
13026:M 11 Apr 12:00:52.365 # WARNING: The TCP backlog setting of 511 cannot be enforced because /proc/sys/net/core/somaxconn is set to the lower value of 128.
13026:M 11 Apr 12:00:52.365 * The server is now ready to accept connections on port 6381
13026:signal-handler (1460393642) Received SIGTERM scheduling shutdown...
13026:M 11 Apr 12:54:02.360 # User requested shutdown...
13026:M 11 Apr 12:54:02.426 * Saving the final RDB snapshot before exiting.
13026:M 11 Apr 12:54:02.511 * DB saved on disk
13026:M 11 Apr 12:54:02.511 * Removing the pid file.
13026:M 11 Apr 12:54:02.511 # Redis is now ready to exit, bye bye...
9394:M 17 Apr 06:46:22.481 * Increased maximum number of open files to 10032 (it was originally set to 1024).
                _._                                                  
           _.-``__ ''-._                                             
      _.-``    `.  `_.  ''-._           Redis 3.0.3 (00000000/0) 64 bit
  .-`` .-```.  ```\/    _.,_ ''-._                                   
 (    '      ,       .-`  | `,    )     Running in standalone mode
 |`-._`-...-` __...-.``-._|'` _.-'|     Port: 6381
 |    `-._   `._    /     _.-'    |     PID: 9394
  `-._    `-._  `-./  _.-'    _.-'                                   
 |`-._`-._    `-.__.-'    _.-'_.-'|                                  
 |    `-._`-._        _.-'_.-'    |           http://redis.io        
  `-._    `-._`-.__.-'_.-'    _.-'                                   
 |`-._`-._    `-.__.-'    _.-'_.-'|                                  
 |    `-._`-._        _.-'_.-'    |                                  
  `-._    `-._`-.__.-'_.-'    _.-'                                   
      `-._    `-.__.-'    _.-'                                       
          `-._        _.-'                                           
              `-.__.-'                                               

9394:M 17 Apr 06:46:22.499 # Server started, Redis version 3.0.3
9394:M 17 Apr 06:46:22.499 # WARNING overcommit_memory is set to 0! Background save may fail under low memory condition. To fix this issue add 'vm.overcommit_memory = 1' to /etc/sysctl.conf and then reboot or run the command 'sysctl vm.overcommit_memory=1' for this to take effect.
9394:M 17 Apr 06:46:22.499 # WARNING you have Transparent Huge Pages (THP) support enabled in your kernel. This will create latency and memory usage issues with Redis. To fix this issue run the command 'echo never > /sys/kernel/mm/transparent_hugepage/enabled' as root, and add it to your /etc/rc.local in order to retain the setting after a reboot. Redis must be restarted after THP is disabled.
9394:M 17 Apr 06:46:22.499 # WARNING: The TCP backlog setting of 511 cannot be enforced because /proc/sys/net/core/somaxconn is set to the lower value of 128.
9394:M 17 Apr 06:46:22.532 * DB loaded from disk: 0.033 seconds
9394:M 17 Apr 06:46:22.532 * The server is now ready to accept connections on port 6381
9394:signal-handler (1460913133) Received SIGTERM scheduling shutdown...
9394:M 17 Apr 13:12:13.621 # User requested shutdown...
9394:M 17 Apr 13:12:13.621 * Saving the final RDB snapshot before exiting.
9394:M 17 Apr 13:12:13.775 * DB saved on disk
9394:M 17 Apr 13:12:13.775 * Removing the pid file.
9394:M 17 Apr 13:12:13.776 # Redis is now ready to exit, bye bye...
8991:M 18 Apr 08:54:00.764 * Increased maximum number of open files to 10032 (it was originally set to 1024).
                _._                                                  
           _.-``__ ''-._                                             
      _.-``    `.  `_.  ''-._           Redis 3.0.3 (00000000/0) 64 bit
  .-`` .-```.  ```\/    _.,_ ''-._                                   
 (    '      ,       .-`  | `,    )     Running in standalone mode
 |`-._`-...-` __...-.``-._|'` _.-'|     Port: 6381
 |    `-._   `._    /     _.-'    |     PID: 8991
  `-._    `-._  `-./  _.-'    _.-'                                   
 |`-._`-._    `-.__.-'    _.-'_.-'|                                  
 |    `-._`-._        _.-'_.-'    |           http://redis.io        
  `-._    `-._`-.__.-'_.-'    _.-'                                   
 |`-._`-._    `-.__.-'    _.-'_.-'|                                  
 |    `-._`-._        _.-'_.-'    |                                  
  `-._    `-._`-.__.-'_.-'    _.-'                                   
      `-._    `-.__.-'    _.-'                                       
          `-._        _.-'                                           
              `-.__.-'                                               

8991:M 18 Apr 08:54:00.792 # Server started, Redis version 3.0.3
8991:M 18 Apr 08:54:00.792 # WARNING overcommit_memory is set to 0! Background save may fail under low memory condition. To fix this issue add 'vm.overcommit_memory = 1' to /etc/sysctl.conf and then reboot or run the command 'sysctl vm.overcommit_memory=1' for this to take effect.
8991:M 18 Apr 08:54:00.792 # WARNING you have Transparent Huge Pages (THP) support enabled in your kernel. This will create latency and memory usage issues with Redis. To fix this issue run the command 'echo never > /sys/kernel/mm/transparent_hugepage/enabled' as root, and add it to your /etc/rc.local in order to retain the setting after a reboot. Redis must be restarted after THP is disabled.
8991:M 18 Apr 08:54:00.792 # WARNING: The TCP backlog setting of 511 cannot be enforced because /proc/sys/net/core/somaxconn is set to the lower value of 128.
8991:M 18 Apr 08:54:00.798 * DB loaded from disk: 0.006 seconds
8991:M 18 Apr 08:54:00.798 * The server is now ready to accept connections on port 6381
8991:signal-handler (1460986951) Received SIGTERM scheduling shutdown...
8991:M 18 Apr 09:42:31.416 # User requested shutdown...
8991:M 18 Apr 09:42:31.459 * Saving the final RDB snapshot before exiting.
8991:M 18 Apr 09:42:31.480 * DB saved on disk
8991:M 18 Apr 09:42:31.480 * Removing the pid file.
8991:M 18 Apr 09:42:31.480 # Redis is now ready to exit, bye bye...
8978:M 19 Apr 09:48:27.690 * Increased maximum number of open files to 10032 (it was originally set to 1024).
                _._                                                  
           _.-``__ ''-._                                             
      _.-``    `.  `_.  ''-._           Redis 3.0.3 (00000000/0) 64 bit
  .-`` .-```.  ```\/    _.,_ ''-._                                   
 (    '      ,       .-`  | `,    )     Running in standalone mode
 |`-._`-...-` __...-.``-._|'` _.-'|     Port: 6381
 |    `-._   `._    /     _.-'    |     PID: 8978
  `-._    `-._  `-./  _.-'    _.-'                                   
 |`-._`-._    `-.__.-'    _.-'_.-'|                                  
 |    `-._`-._        _.-'_.-'    |           http://redis.io        
  `-._    `-._`-.__.-'_.-'    _.-'                                   
 |`-._`-._    `-.__.-'    _.-'_.-'|                                  
 |    `-._`-._        _.-'_.-'    |                                  
  `-._    `-._`-.__.-'_.-'    _.-'                                   
      `-._    `-.__.-'    _.-'                                       
          `-._        _.-'                                           
              `-.__.-'                                               

8978:M 19 Apr 09:48:27.694 # Server started, Redis version 3.0.3
8978:M 19 Apr 09:48:27.694 # WARNING overcommit_memory is set to 0! Background save may fail under low memory condition. To fix this issue add 'vm.overcommit_memory = 1' to /etc/sysctl.conf and then reboot or run the command 'sysctl vm.overcommit_memory=1' for this to take effect.
8978:M 19 Apr 09:48:27.694 # WARNING you have Transparent Huge Pages (THP) support enabled in your kernel. This will create latency and memory usage issues with Redis. To fix this issue run the command 'echo never > /sys/kernel/mm/transparent_hugepage/enabled' as root, and add it to your /etc/rc.local in order to retain the setting after a reboot. Redis must be restarted after THP is disabled.
8978:M 19 Apr 09:48:27.694 # WARNING: The TCP backlog setting of 511 cannot be enforced because /proc/sys/net/core/somaxconn is set to the lower value of 128.
8978:M 19 Apr 09:48:27.705 * DB loaded from disk: 0.011 seconds
8978:M 19 Apr 09:48:27.705 * The server is now ready to accept connections on port 6381
8978:signal-handler (1461085193) Received SIGTERM scheduling shutdown...
8978:M 19 Apr 12:59:53.580 # User requested shutdown...
8978:M 19 Apr 12:59:53.603 * Saving the final RDB snapshot before exiting.
8978:M 19 Apr 12:59:53.644 * DB saved on disk
8978:M 19 Apr 12:59:53.644 * Removing the pid file.
8978:M 19 Apr 12:59:53.644 # Redis is now ready to exit, bye bye...
13379:M 22 Jun 13:06:53.391 * Increased maximum number of open files to 10032 (it was originally set to 1024).
                _._                                                  
           _.-``__ ''-._                                             
      _.-``    `.  `_.  ''-._           Redis 3.0.3 (00000000/0) 64 bit
  .-`` .-```.  ```\/    _.,_ ''-._                                   
 (    '      ,       .-`  | `,    )     Running in standalone mode
 |`-._`-...-` __...-.``-._|'` _.-'|     Port: 6381
 |    `-._   `._    /     _.-'    |     PID: 13379
  `-._    `-._  `-./  _.-'    _.-'                                   
 |`-._`-._    `-.__.-'    _.-'_.-'|                                  
 |    `-._`-._        _.-'_.-'    |           http://redis.io        
  `-._    `-._`-.__.-'_.-'    _.-'                                   
 |`-._`-._    `-.__.-'    _.-'_.-'|                                  
 |    `-._`-._        _.-'_.-'    |                                  
  `-._    `-._`-.__.-'_.-'    _.-'                                   
      `-._    `-.__.-'    _.-'                                       
          `-._        _.-'                                           
              `-.__.-'                                               

13379:M 22 Jun 13:06:53.417 # Server started, Redis version 3.0.3
13379:M 22 Jun 13:06:53.417 # WARNING overcommit_memory is set to 0! Background save may fail under low memory condition. To fix this issue add 'vm.overcommit_memory = 1' to /etc/sysctl.conf and then reboot or run the command 'sysctl vm.overcommit_memory=1' for this to take effect.
13379:M 22 Jun 13:06:53.417 # WARNING you have Transparent Huge Pages (THP) support enabled in your kernel. This will create latency and memory usage issues with Redis. To fix this issue run the command 'echo never > /sys/kernel/mm/transparent_hugepage/enabled' as root, and add it to your /etc/rc.local in order to retain the setting after a reboot. Redis must be restarted after THP is disabled.
13379:M 22 Jun 13:06:53.417 # WARNING: The TCP backlog setting of 511 cannot be enforced because /proc/sys/net/core/somaxconn is set to the lower value of 128.
13379:M 22 Jun 13:06:53.431 * DB loaded from disk: 0.013 seconds
13379:M 22 Jun 13:06:53.431 * The server is now ready to accept connections on port 6381
13379:signal-handler (1466618721) Received SIGTERM scheduling shutdown...
13379:M 22 Jun 14:05:21.193 # User requested shutdown...
13379:M 22 Jun 14:05:21.297 * Saving the final RDB snapshot before exiting.
13379:M 22 Jun 14:05:21.568 * DB saved on disk
13379:M 22 Jun 14:05:21.569 * Removing the pid file.
13379:M 22 Jun 14:05:21.569 # Redis is now ready to exit, bye bye...
9172:M 23 Jun 10:10:40.454 * Increased maximum number of open files to 10032 (it was originally set to 1024).
                _._                                                  
           _.-``__ ''-._                                             
      _.-``    `.  `_.  ''-._           Redis 3.0.3 (00000000/0) 64 bit
  .-`` .-```.  ```\/    _.,_ ''-._                                   
 (    '      ,       .-`  | `,    )     Running in standalone mode
 |`-._`-...-` __...-.``-._|'` _.-'|     Port: 6381
 |    `-._   `._    /     _.-'    |     PID: 9172
  `-._    `-._  `-./  _.-'    _.-'                                   
 |`-._`-._    `-.__.-'    _.-'_.-'|                                  
 |    `-._`-._        _.-'_.-'    |           http://redis.io        
  `-._    `-._`-.__.-'_.-'    _.-'                                   
 |`-._`-._    `-.__.-'    _.-'_.-'|                                  
 |    `-._`-._        _.-'_.-'    |                                  
  `-._    `-._`-.__.-'_.-'    _.-'                                   
      `-._    `-.__.-'    _.-'                                       
          `-._        _.-'                                           
              `-.__.-'                                               

9172:M 23 Jun 10:10:40.462 # Server started, Redis version 3.0.3
9172:M 23 Jun 10:10:40.463 # WARNING overcommit_memory is set to 0! Background save may fail under low memory condition. To fix this issue add 'vm.overcommit_memory = 1' to /etc/sysctl.conf and then reboot or run the command 'sysctl vm.overcommit_memory=1' for this to take effect.
9172:M 23 Jun 10:10:40.463 # WARNING you have Transparent Huge Pages (THP) support enabled in your kernel. This will create latency and memory usage issues with Redis. To fix this issue run the command 'echo never > /sys/kernel/mm/transparent_hugepage/enabled' as root, and add it to your /etc/rc.local in order to retain the setting after a reboot. Redis must be restarted after THP is disabled.
9172:M 23 Jun 10:10:40.463 # WARNING: The TCP backlog setting of 511 cannot be enforced because /proc/sys/net/core/somaxconn is set to the lower value of 128.
9172:M 23 Jun 10:10:40.479 * DB loaded from disk: 0.016 seconds
9172:M 23 Jun 10:10:40.479 * The server is now ready to accept connections on port 6381
9172:signal-handler (1466699294) Received SIGTERM scheduling shutdown...
9172:M 23 Jun 12:28:14.908 # User requested shutdown...
9172:M 23 Jun 12:28:14.908 * Saving the final RDB snapshot before exiting.
9172:M 23 Jun 12:28:14.984 * DB saved on disk
9172:M 23 Jun 12:28:14.984 * Removing the pid file.
9172:M 23 Jun 12:28:14.984 # Redis is now ready to exit, bye bye...
10024:M 24 Jun 10:19:57.655 * Increased maximum number of open files to 10032 (it was originally set to 1024).
                _._                                                  
           _.-``__ ''-._                                             
      _.-``    `.  `_.  ''-._           Redis 3.0.3 (00000000/0) 64 bit
  .-`` .-```.  ```\/    _.,_ ''-._                                   
 (    '      ,       .-`  | `,    )     Running in standalone mode
 |`-._`-...-` __...-.``-._|'` _.-'|     Port: 6381
 |    `-._   `._    /     _.-'    |     PID: 10024
  `-._    `-._  `-./  _.-'    _.-'                                   
 |`-._`-._    `-.__.-'    _.-'_.-'|                                  
 |    `-._`-._        _.-'_.-'    |           http://redis.io        
  `-._    `-._`-.__.-'_.-'    _.-'                                   
 |`-._`-._    `-.__.-'    _.-'_.-'|                                  
 |    `-._`-._        _.-'_.-'    |                                  
  `-._    `-._`-.__.-'_.-'    _.-'                                   
      `-._    `-.__.-'    _.-'                                       
          `-._        _.-'                                           
              `-.__.-'                                               

10024:M 24 Jun 10:19:57.682 # Server started, Redis version 3.0.3
10024:M 24 Jun 10:19:57.682 # WARNING overcommit_memory is set to 0! Background save may fail under low memory condition. To fix this issue add 'vm.overcommit_memory = 1' to /etc/sysctl.conf and then reboot or run the command 'sysctl vm.overcommit_memory=1' for this to take effect.
10024:M 24 Jun 10:19:57.682 # WARNING you have Transparent Huge Pages (THP) support enabled in your kernel. This will create latency and memory usage issues with Redis. To fix this issue run the command 'echo never > /sys/kernel/mm/transparent_hugepage/enabled' as root, and add it to your /etc/rc.local in order to retain the setting after a reboot. Redis must be restarted after THP is disabled.
10024:M 24 Jun 10:19:57.682 # WARNING: The TCP backlog setting of 511 cannot be enforced because /proc/sys/net/core/somaxconn is set to the lower value of 128.
10024:M 24 Jun 10:19:57.684 * DB loaded from disk: 0.002 seconds
10024:M 24 Jun 10:19:57.684 * The server is now ready to accept connections on port 6381
10024:signal-handler (1466799170) Received SIGTERM scheduling shutdown...
10024:M 24 Jun 16:12:50.710 # User requested shutdown...
10024:M 24 Jun 16:12:50.710 * Saving the final RDB snapshot before exiting.
10024:M 24 Jun 16:12:50.766 * DB saved on disk
10024:M 24 Jun 16:12:50.766 * Removing the pid file.
10024:M 24 Jun 16:12:50.767 # Redis is now ready to exit, bye bye...
9149:M 25 Jun 02:09:47.351 * Increased maximum number of open files to 10032 (it was originally set to 1024).
                _._                                                  
           _.-``__ ''-._                                             
      _.-``    `.  `_.  ''-._           Redis 3.0.3 (00000000/0) 64 bit
  .-`` .-```.  ```\/    _.,_ ''-._                                   
 (    '      ,       .-`  | `,    )     Running in standalone mode
 |`-._`-...-` __...-.``-._|'` _.-'|     Port: 6381
 |    `-._   `._    /     _.-'    |     PID: 9149
  `-._    `-._  `-./  _.-'    _.-'                                   
 |`-._`-._    `-.__.-'    _.-'_.-'|                                  
 |    `-._`-._        _.-'_.-'    |           http://redis.io        
  `-._    `-._`-.__.-'_.-'    _.-'                                   
 |`-._`-._    `-.__.-'    _.-'_.-'|                                  
 |    `-._`-._        _.-'_.-'    |                                  
  `-._    `-._`-.__.-'_.-'    _.-'                                   
      `-._    `-.__.-'    _.-'                                       
          `-._        _.-'                                           
              `-.__.-'                                               

9149:M 25 Jun 02:09:47.368 # Server started, Redis version 3.0.3
9149:M 25 Jun 02:09:47.368 # WARNING overcommit_memory is set to 0! Background save may fail under low memory condition. To fix this issue add 'vm.overcommit_memory = 1' to /etc/sysctl.conf and then reboot or run the command 'sysctl vm.overcommit_memory=1' for this to take effect.
9149:M 25 Jun 02:09:47.368 # WARNING you have Transparent Huge Pages (THP) support enabled in your kernel. This will create latency and memory usage issues with Redis. To fix this issue run the command 'echo never > /sys/kernel/mm/transparent_hugepage/enabled' as root, and add it to your /etc/rc.local in order to retain the setting after a reboot. Redis must be restarted after THP is disabled.
9149:M 25 Jun 02:09:47.368 # WARNING: The TCP backlog setting of 511 cannot be enforced because /proc/sys/net/core/somaxconn is set to the lower value of 128.
9149:M 25 Jun 02:09:47.384 * DB loaded from disk: 0.015 seconds
9149:M 25 Jun 02:09:47.384 * The server is now ready to accept connections on port 6381
9149:signal-handler (1466857135) Received SIGTERM scheduling shutdown...
9149:M 25 Jun 08:18:55.628 # User requested shutdown...
9149:M 25 Jun 08:18:55.628 * Saving the final RDB snapshot before exiting.
9149:M 25 Jun 08:18:55.658 * DB saved on disk
9149:M 25 Jun 08:18:55.658 * Removing the pid file.
9149:M 25 Jun 08:18:55.658 # Redis is now ready to exit, bye bye...
9516:M 25 Jun 11:32:34.508 * Increased maximum number of open files to 10032 (it was originally set to 1024).
                _._                                                  
           _.-``__ ''-._                                             
      _.-``    `.  `_.  ''-._           Redis 3.0.3 (00000000/0) 64 bit
  .-`` .-```.  ```\/    _.,_ ''-._                                   
 (    '      ,       .-`  | `,    )     Running in standalone mode
 |`-._`-...-` __...-.``-._|'` _.-'|     Port: 6381
 |    `-._   `._    /     _.-'    |     PID: 9516
  `-._    `-._  `-./  _.-'    _.-'                                   
 |`-._`-._    `-.__.-'    _.-'_.-'|                                  
 |    `-._`-._        _.-'_.-'    |           http://redis.io        
  `-._    `-._`-.__.-'_.-'    _.-'                                   
 |`-._`-._    `-.__.-'    _.-'_.-'|                                  
 |    `-._`-._        _.-'_.-'    |                                  
  `-._    `-._`-.__.-'_.-'    _.-'                                   
      `-._    `-.__.-'    _.-'                                       
          `-._        _.-'                                           
              `-.__.-'                                               

9516:M 25 Jun 11:32:34.509 # Server started, Redis version 3.0.3
9516:M 25 Jun 11:32:34.509 # WARNING overcommit_memory is set to 0! Background save may fail under low memory condition. To fix this issue add 'vm.overcommit_memory = 1' to /etc/sysctl.conf and then reboot or run the command 'sysctl vm.overcommit_memory=1' for this to take effect.
9516:M 25 Jun 11:32:34.509 # WARNING you have Transparent Huge Pages (THP) support enabled in your kernel. This will create latency and memory usage issues with Redis. To fix this issue run the command 'echo never > /sys/kernel/mm/transparent_hugepage/enabled' as root, and add it to your /etc/rc.local in order to retain the setting after a reboot. Redis must be restarted after THP is disabled.
9516:M 25 Jun 11:32:34.510 # WARNING: The TCP backlog setting of 511 cannot be enforced because /proc/sys/net/core/somaxconn is set to the lower value of 128.
9516:M 25 Jun 11:32:34.510 * DB loaded from disk: 0.000 seconds
9516:M 25 Jun 11:32:34.510 * The server is now ready to accept connections on port 6381
12927:M 03 Aug 15:22:49.434 * Increased maximum number of open files to 10032 (it was originally set to 1024).
                _._                                                  
           _.-``__ ''-._                                             
      _.-``    `.  `_.  ''-._           Redis 3.0.3 (00000000/0) 64 bit
  .-`` .-```.  ```\/    _.,_ ''-._                                   
 (    '      ,       .-`  | `,    )     Running in standalone mode
 |`-._`-...-` __...-.``-._|'` _.-'|     Port: 6381
 |    `-._   `._    /     _.-'    |     PID: 12927
  `-._    `-._  `-./  _.-'    _.-'                                   
 |`-._`-._    `-.__.-'    _.-'_.-'|                                  
 |    `-._`-._        _.-'_.-'    |           http://redis.io        
  `-._    `-._`-.__.-'_.-'    _.-'                                   
 |`-._`-._    `-.__.-'    _.-'_.-'|                                  
 |    `-._`-._        _.-'_.-'    |                                  
  `-._    `-._`-.__.-'_.-'    _.-'                                   
      `-._    `-.__.-'    _.-'                                       
          `-._        _.-'                                           
              `-.__.-'                                               

12927:M 03 Aug 15:22:49.445 # Server started, Redis version 3.0.3
12927:M 03 Aug 15:22:49.445 # WARNING overcommit_memory is set to 0! Background save may fail under low memory condition. To fix this issue add 'vm.overcommit_memory = 1' to /etc/sysctl.conf and then reboot or run the command 'sysctl vm.overcommit_memory=1' for this to take effect.
12927:M 03 Aug 15:22:49.445 # WARNING you have Transparent Huge Pages (THP) support enabled in your kernel. This will create latency and memory usage issues with Redis. To fix this issue run the command 'echo never > /sys/kernel/mm/transparent_hugepage/enabled' as root, and add it to your /etc/rc.local in order to retain the setting after a reboot. Redis must be restarted after THP is disabled.
12927:M 03 Aug 15:22:49.445 # WARNING: The TCP backlog setting of 511 cannot be enforced because /proc/sys/net/core/somaxconn is set to the lower value of 128.
12927:M 03 Aug 15:22:49.445 * DB loaded from disk: 0.000 seconds
12927:M 03 Aug 15:22:49.445 * The server is now ready to accept connections on port 6381
