13106:M 11 Apr 12:00:55.331 * Increased maximum number of open files to 10032 (it was originally set to 1024).
                _._                                                  
           _.-``__ ''-._                                             
      _.-``    `.  `_.  ''-._           Redis 3.0.3 (00000000/0) 64 bit
  .-`` .-```.  ```\/    _.,_ ''-._                                   
 (    '      ,       .-`  | `,    )     Running in standalone mode
 |`-._`-...-` __...-.``-._|'` _.-'|     Port: 6401
 |    `-._   `._    /     _.-'    |     PID: 13106
  `-._    `-._  `-./  _.-'    _.-'                                   
 |`-._`-._    `-.__.-'    _.-'_.-'|                                  
 |    `-._`-._        _.-'_.-'    |           http://redis.io        
  `-._    `-._`-.__.-'_.-'    _.-'                                   
 |`-._`-._    `-.__.-'    _.-'_.-'|                                  
 |    `-._`-._        _.-'_.-'    |                                  
  `-._    `-._`-.__.-'_.-'    _.-'                                   
      `-._    `-.__.-'    _.-'                                       
          `-._        _.-'                                           
              `-.__.-'                                               

13106:M 11 Apr 12:00:55.333 # Server started, Redis version 3.0.3
13106:M 11 Apr 12:00:55.334 # WARNING overcommit_memory is set to 0! Background save may fail under low memory condition. To fix this issue add 'vm.overcommit_memory = 1' to /etc/sysctl.conf and then reboot or run the command 'sysctl vm.overcommit_memory=1' for this to take effect.
13106:M 11 Apr 12:00:55.334 # WARNING you have Transparent Huge Pages (THP) support enabled in your kernel. This will create latency and memory usage issues with Redis. To fix this issue run the command 'echo never > /sys/kernel/mm/transparent_hugepage/enabled' as root, and add it to your /etc/rc.local in order to retain the setting after a reboot. Redis must be restarted after THP is disabled.
13106:M 11 Apr 12:00:55.334 # WARNING: The TCP backlog setting of 511 cannot be enforced because /proc/sys/net/core/somaxconn is set to the lower value of 128.
13106:M 11 Apr 12:00:55.334 * The server is now ready to accept connections on port 6401
13106:signal-handler (1460393642) Received SIGTERM scheduling shutdown...
13106:M 11 Apr 12:54:02.216 # User requested shutdown...
13106:M 11 Apr 12:54:02.216 * Saving the final RDB snapshot before exiting.
13106:M 11 Apr 12:54:02.428 * DB saved on disk
13106:M 11 Apr 12:54:02.428 * Removing the pid file.
13106:M 11 Apr 12:54:02.495 # Redis is now ready to exit, bye bye...
9476:M 17 Apr 06:46:22.927 * Increased maximum number of open files to 10032 (it was originally set to 1024).
                _._                                                  
           _.-``__ ''-._                                             
      _.-``    `.  `_.  ''-._           Redis 3.0.3 (00000000/0) 64 bit
  .-`` .-```.  ```\/    _.,_ ''-._                                   
 (    '      ,       .-`  | `,    )     Running in standalone mode
 |`-._`-...-` __...-.``-._|'` _.-'|     Port: 6401
 |    `-._   `._    /     _.-'    |     PID: 9476
  `-._    `-._  `-./  _.-'    _.-'                                   
 |`-._`-._    `-.__.-'    _.-'_.-'|                                  
 |    `-._`-._        _.-'_.-'    |           http://redis.io        
  `-._    `-._`-.__.-'_.-'    _.-'                                   
 |`-._`-._    `-.__.-'    _.-'_.-'|                                  
 |    `-._`-._        _.-'_.-'    |                                  
  `-._    `-._`-.__.-'_.-'    _.-'                                   
      `-._    `-.__.-'    _.-'                                       
          `-._        _.-'                                           
              `-.__.-'                                               

9476:M 17 Apr 06:46:22.928 # Server started, Redis version 3.0.3
9476:M 17 Apr 06:46:22.928 # WARNING overcommit_memory is set to 0! Background save may fail under low memory condition. To fix this issue add 'vm.overcommit_memory = 1' to /etc/sysctl.conf and then reboot or run the command 'sysctl vm.overcommit_memory=1' for this to take effect.
9476:M 17 Apr 06:46:22.928 # WARNING you have Transparent Huge Pages (THP) support enabled in your kernel. This will create latency and memory usage issues with Redis. To fix this issue run the command 'echo never > /sys/kernel/mm/transparent_hugepage/enabled' as root, and add it to your /etc/rc.local in order to retain the setting after a reboot. Redis must be restarted after THP is disabled.
9476:M 17 Apr 06:46:22.928 # WARNING: The TCP backlog setting of 511 cannot be enforced because /proc/sys/net/core/somaxconn is set to the lower value of 128.
9476:M 17 Apr 06:46:22.929 * DB loaded from disk: 0.000 seconds
9476:M 17 Apr 06:46:22.929 * The server is now ready to accept connections on port 6401
9476:signal-handler (1460913133) Received SIGTERM scheduling shutdown...
9476:M 17 Apr 13:12:13.520 # User requested shutdown...
9476:M 17 Apr 13:12:13.520 * Saving the final RDB snapshot before exiting.
9476:M 17 Apr 13:12:13.929 * DB saved on disk
9476:M 17 Apr 13:12:13.929 * Removing the pid file.
9476:M 17 Apr 13:12:13.930 # Redis is now ready to exit, bye bye...
9073:M 18 Apr 08:54:01.181 * Increased maximum number of open files to 10032 (it was originally set to 1024).
                _._                                                  
           _.-``__ ''-._                                             
      _.-``    `.  `_.  ''-._           Redis 3.0.3 (00000000/0) 64 bit
  .-`` .-```.  ```\/    _.,_ ''-._                                   
 (    '      ,       .-`  | `,    )     Running in standalone mode
 |`-._`-...-` __...-.``-._|'` _.-'|     Port: 6401
 |    `-._   `._    /     _.-'    |     PID: 9073
  `-._    `-._  `-./  _.-'    _.-'                                   
 |`-._`-._    `-.__.-'    _.-'_.-'|                                  
 |    `-._`-._        _.-'_.-'    |           http://redis.io        
  `-._    `-._`-.__.-'_.-'    _.-'                                   
 |`-._`-._    `-.__.-'    _.-'_.-'|                                  
 |    `-._`-._        _.-'_.-'    |                                  
  `-._    `-._`-.__.-'_.-'    _.-'                                   
      `-._    `-.__.-'    _.-'                                       
          `-._        _.-'                                           
              `-.__.-'                                               

9073:M 18 Apr 08:54:01.182 # Server started, Redis version 3.0.3
9073:M 18 Apr 08:54:01.182 # WARNING overcommit_memory is set to 0! Background save may fail under low memory condition. To fix this issue add 'vm.overcommit_memory = 1' to /etc/sysctl.conf and then reboot or run the command 'sysctl vm.overcommit_memory=1' for this to take effect.
9073:M 18 Apr 08:54:01.182 # WARNING you have Transparent Huge Pages (THP) support enabled in your kernel. This will create latency and memory usage issues with Redis. To fix this issue run the command 'echo never > /sys/kernel/mm/transparent_hugepage/enabled' as root, and add it to your /etc/rc.local in order to retain the setting after a reboot. Redis must be restarted after THP is disabled.
9073:M 18 Apr 08:54:01.182 # WARNING: The TCP backlog setting of 511 cannot be enforced because /proc/sys/net/core/somaxconn is set to the lower value of 128.
9073:M 18 Apr 08:54:01.183 * DB loaded from disk: 0.001 seconds
9073:M 18 Apr 08:54:01.183 * The server is now ready to accept connections on port 6401
9073:signal-handler (1460986951) Received SIGTERM scheduling shutdown...
9073:M 18 Apr 09:42:31.426 # User requested shutdown...
9073:M 18 Apr 09:42:31.457 * Saving the final RDB snapshot before exiting.
9073:M 18 Apr 09:42:31.478 * DB saved on disk
9073:M 18 Apr 09:42:31.479 * Removing the pid file.
9073:M 18 Apr 09:42:31.479 # Redis is now ready to exit, bye bye...
9058:M 19 Apr 09:48:28.577 * Increased maximum number of open files to 10032 (it was originally set to 1024).
                _._                                                  
           _.-``__ ''-._                                             
      _.-``    `.  `_.  ''-._           Redis 3.0.3 (00000000/0) 64 bit
  .-`` .-```.  ```\/    _.,_ ''-._                                   
 (    '      ,       .-`  | `,    )     Running in standalone mode
 |`-._`-...-` __...-.``-._|'` _.-'|     Port: 6401
 |    `-._   `._    /     _.-'    |     PID: 9058
  `-._    `-._  `-./  _.-'    _.-'                                   
 |`-._`-._    `-.__.-'    _.-'_.-'|                                  
 |    `-._`-._        _.-'_.-'    |           http://redis.io        
  `-._    `-._`-.__.-'_.-'    _.-'                                   
 |`-._`-._    `-.__.-'    _.-'_.-'|                                  
 |    `-._`-._        _.-'_.-'    |                                  
  `-._    `-._`-.__.-'_.-'    _.-'                                   
      `-._    `-.__.-'    _.-'                                       
          `-._        _.-'                                           
              `-.__.-'                                               

9058:M 19 Apr 09:48:28.579 # Server started, Redis version 3.0.3
9058:M 19 Apr 09:48:28.579 # WARNING overcommit_memory is set to 0! Background save may fail under low memory condition. To fix this issue add 'vm.overcommit_memory = 1' to /etc/sysctl.conf and then reboot or run the command 'sysctl vm.overcommit_memory=1' for this to take effect.
9058:M 19 Apr 09:48:28.579 # WARNING you have Transparent Huge Pages (THP) support enabled in your kernel. This will create latency and memory usage issues with Redis. To fix this issue run the command 'echo never > /sys/kernel/mm/transparent_hugepage/enabled' as root, and add it to your /etc/rc.local in order to retain the setting after a reboot. Redis must be restarted after THP is disabled.
9058:M 19 Apr 09:48:28.579 # WARNING: The TCP backlog setting of 511 cannot be enforced because /proc/sys/net/core/somaxconn is set to the lower value of 128.
9058:M 19 Apr 09:48:28.593 * DB loaded from disk: 0.014 seconds
9058:M 19 Apr 09:48:28.593 * The server is now ready to accept connections on port 6401
9058:signal-handler (1461085193) Received SIGTERM scheduling shutdown...
9058:M 19 Apr 12:59:53.578 # User requested shutdown...
9058:M 19 Apr 12:59:53.631 * Saving the final RDB snapshot before exiting.
9058:M 19 Apr 12:59:53.648 * DB saved on disk
9058:M 19 Apr 12:59:53.694 * Removing the pid file.
9058:M 19 Apr 12:59:53.695 # Redis is now ready to exit, bye bye...
13461:M 22 Jun 13:06:53.734 * Increased maximum number of open files to 10032 (it was originally set to 1024).
                _._                                                  
           _.-``__ ''-._                                             
      _.-``    `.  `_.  ''-._           Redis 3.0.3 (00000000/0) 64 bit
  .-`` .-```.  ```\/    _.,_ ''-._                                   
 (    '      ,       .-`  | `,    )     Running in standalone mode
 |`-._`-...-` __...-.``-._|'` _.-'|     Port: 6401
 |    `-._   `._    /     _.-'    |     PID: 13461
  `-._    `-._  `-./  _.-'    _.-'                                   
 |`-._`-._    `-.__.-'    _.-'_.-'|                                  
 |    `-._`-._        _.-'_.-'    |           http://redis.io        
  `-._    `-._`-.__.-'_.-'    _.-'                                   
 |`-._`-._    `-.__.-'    _.-'_.-'|                                  
 |    `-._`-._        _.-'_.-'    |                                  
  `-._    `-._`-.__.-'_.-'    _.-'                                   
      `-._    `-.__.-'    _.-'                                       
          `-._        _.-'                                           
              `-.__.-'                                               

13461:M 22 Jun 13:06:53.735 # Server started, Redis version 3.0.3
13461:M 22 Jun 13:06:53.735 # WARNING overcommit_memory is set to 0! Background save may fail under low memory condition. To fix this issue add 'vm.overcommit_memory = 1' to /etc/sysctl.conf and then reboot or run the command 'sysctl vm.overcommit_memory=1' for this to take effect.
13461:M 22 Jun 13:06:53.735 # WARNING you have Transparent Huge Pages (THP) support enabled in your kernel. This will create latency and memory usage issues with Redis. To fix this issue run the command 'echo never > /sys/kernel/mm/transparent_hugepage/enabled' as root, and add it to your /etc/rc.local in order to retain the setting after a reboot. Redis must be restarted after THP is disabled.
13461:M 22 Jun 13:06:53.735 # WARNING: The TCP backlog setting of 511 cannot be enforced because /proc/sys/net/core/somaxconn is set to the lower value of 128.
13461:M 22 Jun 13:06:53.736 * DB loaded from disk: 0.000 seconds
13461:M 22 Jun 13:06:53.736 * The server is now ready to accept connections on port 6401
13461:signal-handler (1466618721) Received SIGTERM scheduling shutdown...
13461:M 22 Jun 14:05:21.192 # User requested shutdown...
13461:M 22 Jun 14:05:21.456 * Saving the final RDB snapshot before exiting.
13461:M 22 Jun 14:05:21.579 * DB saved on disk
13461:M 22 Jun 14:05:21.579 * Removing the pid file.
13461:M 22 Jun 14:05:21.579 # Redis is now ready to exit, bye bye...
9252:M 23 Jun 10:10:40.704 * Increased maximum number of open files to 10032 (it was originally set to 1024).
                _._                                                  
           _.-``__ ''-._                                             
      _.-``    `.  `_.  ''-._           Redis 3.0.3 (00000000/0) 64 bit
  .-`` .-```.  ```\/    _.,_ ''-._                                   
 (    '      ,       .-`  | `,    )     Running in standalone mode
 |`-._`-...-` __...-.``-._|'` _.-'|     Port: 6401
 |    `-._   `._    /     _.-'    |     PID: 9252
  `-._    `-._  `-./  _.-'    _.-'                                   
 |`-._`-._    `-.__.-'    _.-'_.-'|                                  
 |    `-._`-._        _.-'_.-'    |           http://redis.io        
  `-._    `-._`-.__.-'_.-'    _.-'                                   
 |`-._`-._    `-.__.-'    _.-'_.-'|                                  
 |    `-._`-._        _.-'_.-'    |                                  
  `-._    `-._`-.__.-'_.-'    _.-'                                   
      `-._    `-.__.-'    _.-'                                       
          `-._        _.-'                                           
              `-.__.-'                                               

9252:M 23 Jun 10:10:40.719 # Server started, Redis version 3.0.3
9252:M 23 Jun 10:10:40.719 # WARNING overcommit_memory is set to 0! Background save may fail under low memory condition. To fix this issue add 'vm.overcommit_memory = 1' to /etc/sysctl.conf and then reboot or run the command 'sysctl vm.overcommit_memory=1' for this to take effect.
9252:M 23 Jun 10:10:40.719 # WARNING you have Transparent Huge Pages (THP) support enabled in your kernel. This will create latency and memory usage issues with Redis. To fix this issue run the command 'echo never > /sys/kernel/mm/transparent_hugepage/enabled' as root, and add it to your /etc/rc.local in order to retain the setting after a reboot. Redis must be restarted after THP is disabled.
9252:M 23 Jun 10:10:40.720 # WARNING: The TCP backlog setting of 511 cannot be enforced because /proc/sys/net/core/somaxconn is set to the lower value of 128.
9252:M 23 Jun 10:10:40.720 * DB loaded from disk: 0.001 seconds
9252:M 23 Jun 10:10:40.720 * The server is now ready to accept connections on port 6401
9252:signal-handler (1466699294) Received SIGTERM scheduling shutdown...
9252:M 23 Jun 12:28:14.885 # User requested shutdown...
9252:M 23 Jun 12:28:14.885 * Saving the final RDB snapshot before exiting.
9252:M 23 Jun 12:28:14.964 * DB saved on disk
9252:M 23 Jun 12:28:14.964 * Removing the pid file.
9252:M 23 Jun 12:28:14.965 # Redis is now ready to exit, bye bye...
10106:M 24 Jun 10:19:58.103 * Increased maximum number of open files to 10032 (it was originally set to 1024).
                _._                                                  
           _.-``__ ''-._                                             
      _.-``    `.  `_.  ''-._           Redis 3.0.3 (00000000/0) 64 bit
  .-`` .-```.  ```\/    _.,_ ''-._                                   
 (    '      ,       .-`  | `,    )     Running in standalone mode
 |`-._`-...-` __...-.``-._|'` _.-'|     Port: 6401
 |    `-._   `._    /     _.-'    |     PID: 10106
  `-._    `-._  `-./  _.-'    _.-'                                   
 |`-._`-._    `-.__.-'    _.-'_.-'|                                  
 |    `-._`-._        _.-'_.-'    |           http://redis.io        
  `-._    `-._`-.__.-'_.-'    _.-'                                   
 |`-._`-._    `-.__.-'    _.-'_.-'|                                  
 |    `-._`-._        _.-'_.-'    |                                  
  `-._    `-._`-.__.-'_.-'    _.-'                                   
      `-._    `-.__.-'    _.-'                                       
          `-._        _.-'                                           
              `-.__.-'                                               

10106:M 24 Jun 10:19:58.125 # Server started, Redis version 3.0.3
10106:M 24 Jun 10:19:58.126 # WARNING overcommit_memory is set to 0! Background save may fail under low memory condition. To fix this issue add 'vm.overcommit_memory = 1' to /etc/sysctl.conf and then reboot or run the command 'sysctl vm.overcommit_memory=1' for this to take effect.
10106:M 24 Jun 10:19:58.126 # WARNING you have Transparent Huge Pages (THP) support enabled in your kernel. This will create latency and memory usage issues with Redis. To fix this issue run the command 'echo never > /sys/kernel/mm/transparent_hugepage/enabled' as root, and add it to your /etc/rc.local in order to retain the setting after a reboot. Redis must be restarted after THP is disabled.
10106:M 24 Jun 10:19:58.126 # WARNING: The TCP backlog setting of 511 cannot be enforced because /proc/sys/net/core/somaxconn is set to the lower value of 128.
10106:M 24 Jun 10:19:58.128 * DB loaded from disk: 0.002 seconds
10106:M 24 Jun 10:19:58.128 * The server is now ready to accept connections on port 6401
10106:signal-handler (1466799170) Received SIGTERM scheduling shutdown...
10106:M 24 Jun 16:12:50.715 # User requested shutdown...
10106:M 24 Jun 16:12:50.715 * Saving the final RDB snapshot before exiting.
10106:M 24 Jun 16:12:50.783 * DB saved on disk
10106:M 24 Jun 16:12:50.783 * Removing the pid file.
10106:M 24 Jun 16:12:50.783 # Redis is now ready to exit, bye bye...
9229:M 25 Jun 02:09:47.697 * Increased maximum number of open files to 10032 (it was originally set to 1024).
                _._                                                  
           _.-``__ ''-._                                             
      _.-``    `.  `_.  ''-._           Redis 3.0.3 (00000000/0) 64 bit
  .-`` .-```.  ```\/    _.,_ ''-._                                   
 (    '      ,       .-`  | `,    )     Running in standalone mode
 |`-._`-...-` __...-.``-._|'` _.-'|     Port: 6401
 |    `-._   `._    /     _.-'    |     PID: 9229
  `-._    `-._  `-./  _.-'    _.-'                                   
 |`-._`-._    `-.__.-'    _.-'_.-'|                                  
 |    `-._`-._        _.-'_.-'    |           http://redis.io        
  `-._    `-._`-.__.-'_.-'    _.-'                                   
 |`-._`-._    `-.__.-'    _.-'_.-'|                                  
 |    `-._`-._        _.-'_.-'    |                                  
  `-._    `-._`-.__.-'_.-'    _.-'                                   
      `-._    `-.__.-'    _.-'                                       
          `-._        _.-'                                           
              `-.__.-'                                               

9229:M 25 Jun 02:09:47.700 # Server started, Redis version 3.0.3
9229:M 25 Jun 02:09:47.700 # WARNING overcommit_memory is set to 0! Background save may fail under low memory condition. To fix this issue add 'vm.overcommit_memory = 1' to /etc/sysctl.conf and then reboot or run the command 'sysctl vm.overcommit_memory=1' for this to take effect.
9229:M 25 Jun 02:09:47.700 # WARNING you have Transparent Huge Pages (THP) support enabled in your kernel. This will create latency and memory usage issues with Redis. To fix this issue run the command 'echo never > /sys/kernel/mm/transparent_hugepage/enabled' as root, and add it to your /etc/rc.local in order to retain the setting after a reboot. Redis must be restarted after THP is disabled.
9229:M 25 Jun 02:09:47.700 # WARNING: The TCP backlog setting of 511 cannot be enforced because /proc/sys/net/core/somaxconn is set to the lower value of 128.
9229:M 25 Jun 02:09:47.700 * DB loaded from disk: 0.000 seconds
9229:M 25 Jun 02:09:47.700 * The server is now ready to accept connections on port 6401
9229:signal-handler (1466857135) Received SIGTERM scheduling shutdown...
9229:M 25 Jun 08:18:55.634 # User requested shutdown...
9229:M 25 Jun 08:18:55.634 * Saving the final RDB snapshot before exiting.
9229:M 25 Jun 08:18:55.655 * DB saved on disk
9229:M 25 Jun 08:18:55.655 * Removing the pid file.
9229:M 25 Jun 08:18:55.655 # Redis is now ready to exit, bye bye...
